2023-02-14 15:47:48 INFO  ebanking:14 - Url is opened
2023-02-14 15:47:48 INFO  ebanking:17 - username entered
2023-02-14 15:47:51 INFO  ebanking:19 - password entered
2023-02-14 15:48:28 INFO  ebanking:14 - Url is opened
2023-02-14 15:48:29 INFO  ebanking:17 - username entered
2023-02-14 15:48:29 INFO  ebanking:19 - password entered
2023-02-14 18:15:45 INFO  ebanking:14 - Url is opened
2023-02-14 18:15:46 INFO  ebanking:17 - username entered
2023-02-14 18:15:46 INFO  ebanking:19 - password entered
2023-02-14 18:22:14 INFO  ebanking:14 - Url is opened
2023-02-14 18:22:21 INFO  ebanking:17 - username entered
2023-02-14 18:22:22 INFO  ebanking:19 - password entered
2023-02-14 18:24:56 INFO  ebanking:14 - Url is opened
2023-02-14 18:24:56 INFO  ebanking:17 - username entered
2023-02-14 18:24:56 INFO  ebanking:19 - password entered
2023-02-14 18:57:33 INFO  ebanking:14 - Url is opened
2023-02-14 18:57:36 INFO  ebanking:17 - username entered
2023-02-14 18:57:37 INFO  ebanking:19 - password entered
2023-02-14 19:01:15 INFO  ebanking:14 - Url is opened
2023-02-14 19:01:15 INFO  ebanking:17 - username entered
2023-02-14 19:01:16 INFO  ebanking:19 - password entered
2023-02-14 23:09:30 INFO  ebanking:14 - Url is opened
2023-02-14 23:09:35 INFO  ebanking:17 - username entered
2023-02-14 23:09:35 INFO  ebanking:19 - password entered
2023-02-14 23:11:58 INFO  ebanking:14 - Url is opened
2023-02-14 23:12:00 INFO  ebanking:17 - username entered
2023-02-14 23:12:01 INFO  ebanking:19 - password entered
2023-02-15 11:09:53 INFO  ebanking:14 - Url is opened
2023-02-15 11:09:55 INFO  ebanking:17 - username entered
2023-02-15 11:09:55 INFO  ebanking:19 - password entered
2023-02-15 11:27:02 INFO  ebanking:16 - Url is opened
2023-02-15 11:27:05 INFO  ebanking:19 - username entered
2023-02-15 11:27:05 INFO  ebanking:21 - password entered
2023-02-15 11:27:14 INFO  ebanking:32 - logintest failed
2023-02-15 11:30:27 INFO  ebanking:16 - Url is opened
2023-02-15 11:30:31 INFO  ebanking:19 - username entered
2023-02-15 11:30:31 INFO  ebanking:21 - password entered
2023-02-15 11:30:44 INFO  ebanking:32 - logintest failed
2023-02-15 11:33:59 INFO  ebanking:16 - Url is opened
2023-02-15 11:34:01 INFO  ebanking:19 - username entered
2023-02-15 11:34:01 INFO  ebanking:21 - password entered
2023-02-15 17:18:44 INFO  ebanking:16 - Url is opened
2023-02-15 17:18:47 INFO  ebanking:19 - username entered
2023-02-15 17:18:47 INFO  ebanking:21 - password entered
2023-02-15 17:20:43 INFO  ebanking:21 - user name provided
2023-02-15 17:20:45 INFO  ebanking:23 - password provided
2023-02-15 17:31:27 INFO  ebanking:21 - user name provided
2023-02-15 17:31:27 INFO  ebanking:23 - password provided
2023-02-15 17:31:41 INFO  ebanking:21 - user name provided
2023-02-15 17:31:42 INFO  ebanking:23 - password provided
2023-02-15 17:31:56 INFO  ebanking:38 - Login passed
2023-02-15 17:34:32 INFO  ebanking:21 - user name provided
2023-02-15 17:34:33 INFO  ebanking:23 - password provided
2023-02-15 17:34:46 INFO  ebanking:21 - user name provided
2023-02-15 17:34:46 INFO  ebanking:23 - password provided
2023-02-15 17:34:58 INFO  ebanking:38 - Login passed
2023-02-15 17:39:29 INFO  ebanking:21 - user name provided
2023-02-15 17:39:29 INFO  ebanking:23 - password provided
2023-02-15 17:39:44 INFO  ebanking:21 - user name provided
2023-02-15 17:39:46 INFO  ebanking:23 - password provided
2023-02-15 17:40:01 INFO  ebanking:38 - Login passed
2023-02-15 17:48:53 INFO  ebanking:21 - user name provided
2023-02-15 17:48:54 INFO  ebanking:23 - password provided
2023-02-15 17:49:10 INFO  ebanking:21 - user name provided
2023-02-15 17:49:11 INFO  ebanking:23 - password provided
2023-02-15 17:49:24 INFO  ebanking:38 - Login passed
2023-02-15 17:53:31 INFO  ebanking:21 - user name provided
2023-02-15 17:53:32 INFO  ebanking:23 - password provided
2023-02-15 17:53:47 INFO  ebanking:21 - user name provided
2023-02-15 17:53:48 INFO  ebanking:23 - password provided
2023-02-15 17:54:02 INFO  ebanking:38 - Login passed
2023-02-15 18:00:26 INFO  ebanking:22 - user name provided
2023-02-15 18:00:27 INFO  ebanking:24 - password provided
2023-02-15 18:00:40 INFO  ebanking:22 - user name provided
2023-02-15 18:00:40 INFO  ebanking:24 - password provided
2023-02-15 18:00:49 INFO  ebanking:39 - Login passed
2023-02-15 18:03:11 INFO  ebanking:22 - user name provided
2023-02-15 18:03:11 INFO  ebanking:24 - password provided
2023-02-15 18:03:23 INFO  ebanking:22 - user name provided
2023-02-15 18:03:23 INFO  ebanking:24 - password provided
2023-02-15 18:03:33 INFO  ebanking:39 - Login passed
2023-02-15 18:07:00 INFO  ebanking:22 - user name provided
2023-02-15 18:07:00 INFO  ebanking:24 - password provided
2023-02-15 18:07:15 INFO  ebanking:22 - user name provided
2023-02-15 18:07:17 INFO  ebanking:24 - password provided
2023-02-15 18:07:28 INFO  ebanking:39 - Login passed
2023-02-15 18:07:49 INFO  ebanking:22 - user name provided
2023-02-15 18:07:50 INFO  ebanking:24 - password provided
2023-02-15 18:09:37 INFO  ebanking:22 - user name provided
2023-02-15 18:09:37 INFO  ebanking:24 - password provided
2023-02-15 18:09:54 INFO  ebanking:22 - user name provided
2023-02-15 18:09:54 INFO  ebanking:24 - password provided
2023-02-15 18:10:08 INFO  ebanking:39 - Login passed
2023-02-15 18:10:28 INFO  ebanking:22 - user name provided
2023-02-15 18:10:31 INFO  ebanking:24 - password provided
2023-02-15 18:30:34 INFO  ebanking:22 - user name provided
2023-02-15 18:30:35 INFO  ebanking:24 - password provided
2023-02-15 18:30:51 INFO  ebanking:22 - user name provided
2023-02-15 18:30:52 INFO  ebanking:24 - password provided
2023-02-15 18:31:05 INFO  ebanking:40 - Login passed
2023-02-15 18:31:21 INFO  ebanking:22 - user name provided
2023-02-15 18:31:21 INFO  ebanking:24 - password provided
2023-02-15 18:43:58 INFO  ebanking:23 - user name provided
2023-02-15 18:43:58 INFO  ebanking:25 - password provided
2023-02-15 18:44:15 INFO  ebanking:23 - user name provided
2023-02-15 18:44:15 INFO  ebanking:25 - password provided
2023-02-15 18:44:27 INFO  ebanking:44 - Login passed
2023-02-15 18:44:49 INFO  ebanking:23 - user name provided
2023-02-15 18:44:50 INFO  ebanking:25 - password provided
2023-02-15 18:47:52 INFO  ebanking:23 - user name provided
2023-02-15 18:47:53 INFO  ebanking:25 - password provided
2023-02-15 18:48:05 INFO  ebanking:23 - user name provided
2023-02-15 18:48:05 INFO  ebanking:25 - password provided
2023-02-15 18:48:18 INFO  ebanking:44 - Login passed
2023-02-15 18:48:33 INFO  ebanking:23 - user name provided
2023-02-15 18:48:35 INFO  ebanking:25 - password provided
2023-02-15 18:51:36 INFO  ebanking:23 - user name provided
2023-02-15 18:51:36 INFO  ebanking:25 - password provided
2023-02-15 18:51:49 INFO  ebanking:23 - user name provided
2023-02-15 18:51:51 INFO  ebanking:25 - password provided
2023-02-15 18:52:05 INFO  ebanking:45 - Login passed
2023-02-15 18:52:21 INFO  ebanking:23 - user name provided
2023-02-15 18:52:23 INFO  ebanking:25 - password provided
2023-02-15 18:55:27 INFO  ebanking:23 - user name provided
2023-02-15 18:55:27 INFO  ebanking:25 - password provided
2023-02-15 18:55:40 INFO  ebanking:23 - user name provided
2023-02-15 18:55:41 INFO  ebanking:25 - password provided
2023-02-15 18:55:57 INFO  ebanking:47 - Login passed
2023-02-15 18:56:16 INFO  ebanking:23 - user name provided
2023-02-15 18:56:16 INFO  ebanking:25 - password provided
2023-02-15 19:01:37 INFO  ebanking:23 - user name provided
2023-02-15 19:01:38 INFO  ebanking:25 - password provided
2023-02-15 19:01:50 INFO  ebanking:23 - user name provided
2023-02-15 19:01:51 INFO  ebanking:25 - password provided
2023-02-15 19:02:04 INFO  ebanking:48 - Login passed
2023-02-15 19:02:21 INFO  ebanking:23 - user name provided
2023-02-15 19:02:23 INFO  ebanking:25 - password provided
2023-02-15 19:06:14 INFO  ebanking:23 - user name provided
2023-02-15 19:06:14 INFO  ebanking:25 - password provided
2023-02-15 19:06:26 INFO  ebanking:23 - user name provided
2023-02-15 19:06:26 INFO  ebanking:25 - password provided
2023-02-15 19:06:41 INFO  ebanking:43 - Login passed
2023-02-15 19:06:57 INFO  ebanking:23 - user name provided
2023-02-15 19:06:57 INFO  ebanking:25 - password provided
2023-04-15 10:34:48 INFO  ebanking:22 - user name provided
2023-04-15 10:34:48 INFO  ebanking:24 - password provided
2023-04-15 10:34:57 INFO  ebanking:22 - user name provided
2023-04-15 10:34:57 INFO  ebanking:24 - password provided
2023-04-15 10:35:07 INFO  ebanking:42 - Login passed
2023-04-15 10:35:21 INFO  ebanking:22 - user name provided
2023-04-15 10:35:21 INFO  ebanking:24 - password provided
2023-04-18 14:29:14 INFO  ebanking:16 - Url is opened
2023-04-18 14:29:17 INFO  ebanking:19 - username entered
2023-04-18 14:29:17 INFO  ebanking:21 - password entered
2023-04-18 14:30:27 INFO  ebanking:43 - validation started....
2023-04-18 14:32:08 INFO  ebanking:16 - Url is opened
2023-04-18 14:32:08 INFO  ebanking:19 - username entered
2023-04-18 14:32:09 INFO  ebanking:21 - password entered
2023-04-18 14:34:25 INFO  ebanking:16 - Url is opened
2023-04-18 14:34:28 INFO  ebanking:19 - username entered
2023-04-18 14:34:28 INFO  ebanking:21 - password entered
2023-04-18 14:35:13 INFO  ebanking:43 - validation started....
2023-04-18 14:35:14 INFO  ebanking:50 - test case passed....
2023-04-18 14:41:00 INFO  ebanking:16 - Url is opened
2023-04-18 14:41:01 INFO  ebanking:19 - username entered
2023-04-18 14:41:01 INFO  ebanking:21 - password entered
2023-04-18 14:41:07 INFO  ebanking:26 - logintest passed
2023-04-18 14:41:49 INFO  ebanking:43 - validation started....
2023-04-18 14:44:20 INFO  ebanking:16 - Url is opened
2023-04-18 14:44:20 INFO  ebanking:19 - username entered
2023-04-18 14:44:22 INFO  ebanking:21 - password entered
2023-04-18 14:44:27 INFO  ebanking:26 - logintest passed
2023-04-18 14:45:17 INFO  ebanking:43 - validation started....
2023-04-18 14:45:17 INFO  ebanking:50 - test case passed....
